<?xml version="1.0" encoding="UTF-8"?>
<!-- Generated by org.testng.reporters.JUnitReportReporter -->
<testsuite hostname="Akshay" failures="0" tests="4" name="test.CustomerLoginTest" time="11.632" errors="0" timestamp="2024-11-26T13:17:45 IST" skipped="0">
  <testcase classname="test.CustomerLoginTest" name="login" time="6.741"/>
  <system-out/>
  <testcase classname="test.CustomerLoginTest" name="screenshot" time="0.200"/>
  <system-out/>
  <testcase classname="test.CustomerLoginTest" name="deposite" time="4.383"/>
  <system-out/>
  <testcase classname="test.CustomerLoginTest" name="withdawl" time="0.308"/>
  <system-out/>
</testsuite> <!-- test.CustomerLoginTest -->
