<?xml version="1.0" encoding="UTF-8"?>
<!-- Generated by org.testng.reporters.JUnitReportReporter -->
<testsuite hostname="Akshay" name="test.jjj" tests="1" failures="0" timestamp="8 Jun 2024 13:34:06 GMT" time="14.658" errors="0">
  <testcase name="test" time="14.658" classname="test.jjj"/>
</testsuite> <!-- test.jjj -->
